<?xml version='1.0'?>
<ns2:test-suite xmlns:ns2='urn:model.allure.qatools.yandex.ru' start='1633947984001' stop='1633948009495'>
    <name>The Internet automation Website</name>
    <title>The Internet automation Website</title>
    <test-cases>
        <test-case start='1633947984104' status='broken' stop='1633948006790'>
            <name>As a user, I want to log in</name>
            <title>As a user, I want to log in</title>
            <labels>
                <label name='language' value='javascript'/>
                <label name='framework' value='wdio'/>
                <label name='thread' value='0-0'/>
            </labels>
            <parameters>
                <parameter kind='argument' name='browser' value='chrome-94.0.4606.71'/>
            </parameters>
            <steps>
                <step start='1633947984118' status='passed' stop='1633947992955'>
                    <name>Given I am on the Home page "http://automationpractice.com/index.php"</name>
                    <title>Given I am on the Home page "http://automationpractice.com/index.php"</title>
                    <attachments/>
                    <steps/>
                </step>
                <step start='1633947992955' status='passed' stop='1633947996378'>
                    <name>Given I click on login module</name>
                    <title>Given I click on login module</title>
                    <attachments/>
                    <steps/>
                </step>
                <step start='1633947996378' status='passed' stop='1633947996605'>
                    <name>And I enter valid tom04smith@gmail.com</name>
                    <title>And I enter valid tom04smith@gmail.com</title>
                    <attachments/>
                    <steps/>
                </step>
                <step start='1633947996606' status='passed' stop='1633947996745'>
                    <name>When I click on create account button</name>
                    <title>When I click on create account button</title>
                    <attachments/>
                    <steps/>
                </step>
                <step start='1633947996746' status='broken' stop='1633948006790'>
                    <name>And I login with Tom, Smith</name>
                    <title>And I login with Tom, Smith</title>
                    <attachments/>
                    <steps/>
                </step>
                <step start='1633948006790' status='canceled' stop='1633948006791'>
                    <name>And I enter TomSmith, Mumbai and Mumbai</name>
                    <title>And I enter TomSmith, Mumbai and Mumbai</title>
                    <attachments/>
                    <steps/>
                </step>
                <step start='1633948006791' status='canceled' stop='1633948006792'>
                    <name>And I enter Arizona, 12345, 1234567890, United States</name>
                    <title>And I enter Arizona, 12345, 1234567890, United States</title>
                    <attachments/>
                    <steps/>
                </step>
                <step start='1633948006792' status='canceled' stop='1633948006792'>
                    <name>And I click on register button</name>
                    <title>And I click on register button</title>
                    <attachments/>
                    <steps/>
                </step>
                <step start='1633948006792' status='canceled' stop='1633948006793'>
                    <name>Then validate the Name of user is same as display</name>
                    <title>Then validate the Name of user is same as display</title>
                    <attachments/>
                    <steps/>
                </step>
            </steps>
            <attachments/>
            <failure>
                <message>Error: Can't call setValue on element with selector "//input[@id='customer_firstname']" because element wasn't found</message>
                <stack-trace>Error: Can't call setValue on element with selector "//input[@id='customer_firstname']" because element wasn't found
                    at Object.implicitWait [as default] (C:\Users\Admin\source\repos\Newtest\node_modules\webdriverio\build\utils\implicitWait.js:34:19)
                    at async Element.elementErrorHandlerCallbackFn (C:\Users\Admin\source\repos\Newtest\node_modules\webdriverio\build\middlewares.js:20:29)
                    at async Element.wrapCommandFn (C:\Users\Admin\source\repos\Newtest\node_modules\@wdio\utils\build\shim.js:131:29)</stack-trace>
            </failure>
        </test-case>
        <test-case start='1633948006796' status='broken' stop='1633948009493'>
            <name>As a user, I want to place order</name>
            <title>As a user, I want to place order</title>
            <labels>
                <label name='language' value='javascript'/>
                <label name='framework' value='wdio'/>
                <label name='thread' value='0-0'/>
            </labels>
            <parameters>
                <parameter kind='argument' name='browser' value='chrome-94.0.4606.71'/>
            </parameters>
            <steps>
                <step start='1633948006797' status='passed' stop='1633948009488'>
                    <name>Given I am on the Home page "http://automationpractice.com/index.php"</name>
                    <title>Given I am on the Home page "http://automationpractice.com/index.php"</title>
                    <attachments/>
                    <steps/>
                </step>
                <step start='1633948009488' status='broken' stop='1633948009488'>
                    <name>When I select product</name>
                    <title>When I select product</title>
                    <attachments/>
                    <steps/>
                </step>
                <step start='1633948009489' status='broken' stop='1633948009489'>
                    <name>And checking summary proceed</name>
                    <title>And checking summary proceed</title>
                    <attachments/>
                    <steps/>
                </step>
                <step start='1633948009489' status='broken' stop='1633948009490'>
                    <name>And checking address proceed</name>
                    <title>And checking address proceed</title>
                    <attachments/>
                    <steps/>
                </step>
                <step start='1633948009491' status='broken' stop='1633948009492'>
                    <name>And checking shipping proceed</name>
                    <title>And checking shipping proceed</title>
                    <attachments/>
                    <steps/>
                </step>
                <step start='1633948009492' status='broken' stop='1633948009492'>
                    <name>Then I validate the product</name>
                    <title>Then I validate the product</title>
                    <attachments/>
                    <steps/>
                </step>
            </steps>
            <attachments/>
            <failure>
                <message>Step "I validate the product" is not defined. You can ignore this error by setting cucumberOpts.ignoreUndefinedDefinitions as true.</message>
                <stack-trace>Step "I validate the product" is not defined. You can ignore this error by setting cucumberOpts.ignoreUndefinedDefinitions as true.
                	at Feature(C:\Users\Admin\source\repos\Newtest\features\log.feature):1:1
                	at Scenario(As a user, I want to place order):21:1
                	at Step(I validate the product):26:5
                </stack-trace>
            </failure>
        </test-case>
    </test-cases>
</ns2:test-suite>