<?xml version='1.0'?>
<ns2:test-suite xmlns:ns2='urn:model.allure.qatools.yandex.ru' start='1633956877544' stop='1633956914135'>
    <name>The Internet automation Website</name>
    <title>The Internet automation Website</title>
    <test-cases>
        <test-case start='1633956877580' status='broken' stop='1633956897769'>
            <name>As a user, I want to log in</name>
            <title>As a user, I want to log in</title>
            <labels>
                <label name='language' value='javascript'/>
                <label name='framework' value='wdio'/>
                <label name='thread' value='0-0'/>
            </labels>
            <parameters>
                <parameter kind='argument' name='browser' value='chrome-94.0.4606.71'/>
            </parameters>
            <steps>
                <step start='1633956877582' status='passed' stop='1633956884843'>
                    <name>Given I am on the Home page "http://automationpractice.com/index.php"</name>
                    <title>Given I am on the Home page "http://automationpractice.com/index.php"</title>
                    <attachments/>
                    <steps/>
                </step>
                <step start='1633956884843' status='passed' stop='1633956887276'>
                    <name>Given I click on login module</name>
                    <title>Given I click on login module</title>
                    <attachments/>
                    <steps/>
                </step>
                <step start='1633956887276' status='passed' stop='1633956887494'>
                    <name>And I enter valid tom21smith@gmail.com</name>
                    <title>And I enter valid tom21smith@gmail.com</title>
                    <attachments/>
                    <steps/>
                </step>
                <step start='1633956887494' status='passed' stop='1633956887622'>
                    <name>When I click on create account button</name>
                    <title>When I click on create account button</title>
                    <attachments/>
                    <steps/>
                </step>
                <step start='1633956887622' status='broken' stop='1633956897769'>
                    <name>And I login with Tom, Smith</name>
                    <title>And I login with Tom, Smith</title>
                    <attachments/>
                    <steps/>
                </step>
                <step start='1633956897769' status='canceled' stop='1633956897770'>
                    <name>And I enter TomSmith, Mumbai and Mumbai</name>
                    <title>And I enter TomSmith, Mumbai and Mumbai</title>
                    <attachments/>
                    <steps/>
                </step>
                <step start='1633956897770' status='canceled' stop='1633956897770'>
                    <name>And I enter Arizona, 12345, 1234567890, United States</name>
                    <title>And I enter Arizona, 12345, 1234567890, United States</title>
                    <attachments/>
                    <steps/>
                </step>
                <step start='1633956897770' status='canceled' stop='1633956897770'>
                    <name>And I click on register button</name>
                    <title>And I click on register button</title>
                    <attachments/>
                    <steps/>
                </step>
                <step start='1633956897770' status='canceled' stop='1633956897771'>
                    <name>Then validate the Name of user is same as display</name>
                    <title>Then validate the Name of user is same as display</title>
                    <attachments/>
                    <steps/>
                </step>
            </steps>
            <attachments/>
            <failure>
                <message>Error: Can't call setValue on element with selector "//input[@id='customer_firstname']" because element wasn't found</message>
                <stack-trace>Error: Can't call setValue on element with selector "//input[@id='customer_firstname']" because element wasn't found
                    at Object.implicitWait [as default] (C:\Users\Admin\source\repos\Newtest\node_modules\webdriverio\build\utils\implicitWait.js:34:19)
                    at async Element.elementErrorHandlerCallbackFn (C:\Users\Admin\source\repos\Newtest\node_modules\webdriverio\build\middlewares.js:20:29)
                    at async Element.wrapCommandFn (C:\Users\Admin\source\repos\Newtest\node_modules\@wdio\utils\build\shim.js:131:29)</stack-trace>
            </failure>
        </test-case>
        <test-case start='1633956897773' status='broken' stop='1633956914132'>
            <name>As a user, I want to place order</name>
            <title>As a user, I want to place order</title>
            <labels>
                <label name='language' value='javascript'/>
                <label name='framework' value='wdio'/>
                <label name='thread' value='0-0'/>
            </labels>
            <parameters>
                <parameter kind='argument' name='browser' value='chrome-94.0.4606.71'/>
            </parameters>
            <steps>
                <step start='1633956897773' status='passed' stop='1633956900794'>
                    <name>Given I am on the Home page "http://automationpractice.com/index.php"</name>
                    <title>Given I am on the Home page "http://automationpractice.com/index.php"</title>
                    <attachments/>
                    <steps/>
                </step>
                <step start='1633956900794' status='passed' stop='1633956904102'>
                    <name>Given I select product</name>
                    <title>Given I select product</title>
                    <attachments/>
                    <steps/>
                </step>
                <step start='1633956904102' status='broken' stop='1633956914132'>
                    <name>When checking summary proceed</name>
                    <title>When checking summary proceed</title>
                    <attachments/>
                    <steps/>
                </step>
                <step start='1633956914132' status='canceled' stop='1633956914133'>
                    <name>And checking address proceed</name>
                    <title>And checking address proceed</title>
                    <attachments/>
                    <steps/>
                </step>
                <step start='1633956914133' status='canceled' stop='1633956914133'>
                    <name>And checking shipping proceed</name>
                    <title>And checking shipping proceed</title>
                    <attachments/>
                    <steps/>
                </step>
                <step start='1633956914133' status='canceled' stop='1633956914133'>
                    <name>Then I validate the product</name>
                    <title>Then I validate the product</title>
                    <attachments/>
                    <steps/>
                </step>
            </steps>
            <attachments/>
            <failure>
                <message>Error: element ("//body[1]/div[1]/div[1]/header[1]/div[3]/div[1]/div[1]/div[4]/div[1]/div[2]/div[4]/a[1]/span[1]") still not displayed after 10000ms</message>
                <stack-trace>Error: element ("//body[1]/div[1]/div[1]/header[1]/div[3]/div[1]/div[1]/div[4]/div[1]/div[2]/div[4]/a[1]/span[1]") still not displayed after 10000ms
                    at C:\Users\Admin\source\repos\Newtest\node_modules\webdriverio\build\commands\browser\waitUntil.js:66:23
                    at async Element.wrapCommandFn (C:\Users\Admin\source\repos\Newtest\node_modules\@wdio\utils\build\shim.js:131:29)
                    at async Element.elementErrorHandlerCallbackFn (C:\Users\Admin\source\repos\Newtest\node_modules\webdriverio\build\middlewares.js:24:32)
                    at async Element.wrapCommandFn (C:\Users\Admin\source\repos\Newtest\node_modules\@wdio\utils\build\shim.js:131:29)
                    at async Element.wrapCommandFn (C:\Users\Admin\source\repos\Newtest\node_modules\@wdio\utils\build\shim.js:131:29)
                    at async Element.elementErrorHandlerCallbackFn (C:\Users\Admin\source\repos\Newtest\node_modules\webdriverio\build\middlewares.js:24:32)
                    at async Element.wrapCommandFn (C:\Users\Admin\source\repos\Newtest\node_modules\@wdio\utils\build\shim.js:131:29)</stack-trace>
            </failure>
        </test-case>
    </test-cases>
</ns2:test-suite>